0 info it worked if it ends with ok
1 verbose cli [ '/Users/dlevy/.nvm/versions/node/v6.7.0/bin/node',
1 verbose cli   '/Users/dlevy/.nvm/versions/node/v6.7.0/bin/npm',
1 verbose cli   'run',
1 verbose cli   'publish' ]
2 info using npm@3.10.3
3 info using node@v6.7.0
4 verbose run-script [ 'prepublish', 'publish', 'postpublish' ]
5 info lifecycle altitudewebservices@1.0.0~prepublish: altitudewebservices@1.0.0
6 silly lifecycle altitudewebservices@1.0.0~prepublish: no script for prepublish, continuing
7 info lifecycle altitudewebservices@1.0.0~publish: altitudewebservices@1.0.0
8 verbose lifecycle altitudewebservices@1.0.0~publish: unsafe-perm in lifecycle true
9 verbose lifecycle altitudewebservices@1.0.0~publish: PATH: /Users/dlevy/.nvm/versions/node/v6.7.0/lib/node_modules/npm/bin/node-gyp-bin:/Users/dlevy/code/oss/altitudewebservices/node_modules/.bin:/Users/dlevy/.nvm/versions/node/v6.7.0/bin:/Users/dlevy/.rvm/gems/ruby-2.1.0/bin:/Users/dlevy/.rvm/gems/ruby-2.1.0@global/bin:/Users/dlevy/.rvm/rubies/ruby-2.1.0/bin:/usr/local/opt/coreutils/libexec/gnubin:/Users/dlevy/.nvm/versions/node/v6.7.0/bin:/usr/local/bin:/usr/bin:/bin:/usr/sbin:/sbin:/opt/X11/bin:/usr/local/MacGPG2/bin:/Users/dlevy/.rvm/bin
10 verbose lifecycle altitudewebservices@1.0.0~publish: CWD: /Users/dlevy/code/oss/altitudewebservices
11 silly lifecycle altitudewebservices@1.0.0~publish: Args: [ '-c',
11 silly lifecycle   'rsync --exclude \'.git\' --exclude \'.vscode\' --exclude \'php\' --exclude \'shop\' --exclude \'docs\' -raP . ./docs/ && echo \'*** Remember to COMMIT CHANGES ***\'\'' ]
12 silly lifecycle altitudewebservices@1.0.0~publish: Returned: code: 2  signal: null
13 info lifecycle altitudewebservices@1.0.0~publish: Failed to exec publish script
14 verbose stack Error: altitudewebservices@1.0.0 publish: `rsync --exclude '.git' --exclude '.vscode' --exclude 'php' --exclude 'shop' --exclude 'docs' -raP . ./docs/ && echo '*** Remember to COMMIT CHANGES ***''`
14 verbose stack Exit status 2
14 verbose stack     at EventEmitter.<anonymous> (/Users/dlevy/.nvm/versions/node/v6.7.0/lib/node_modules/npm/lib/utils/lifecycle.js:242:16)
14 verbose stack     at emitTwo (events.js:106:13)
14 verbose stack     at EventEmitter.emit (events.js:191:7)
14 verbose stack     at ChildProcess.<anonymous> (/Users/dlevy/.nvm/versions/node/v6.7.0/lib/node_modules/npm/lib/utils/spawn.js:40:14)
14 verbose stack     at emitTwo (events.js:106:13)
14 verbose stack     at ChildProcess.emit (events.js:191:7)
14 verbose stack     at maybeClose (internal/child_process.js:877:16)
14 verbose stack     at Process.ChildProcess._handle.onexit (internal/child_process.js:226:5)
15 verbose pkgid altitudewebservices@1.0.0
16 verbose cwd /Users/dlevy/code/oss/altitudewebservices
17 error Darwin 15.6.0
18 error argv "/Users/dlevy/.nvm/versions/node/v6.7.0/bin/node" "/Users/dlevy/.nvm/versions/node/v6.7.0/bin/npm" "run" "publish"
19 error node v6.7.0
20 error npm  v3.10.3
21 error code ELIFECYCLE
22 error altitudewebservices@1.0.0 publish: `rsync --exclude '.git' --exclude '.vscode' --exclude 'php' --exclude 'shop' --exclude 'docs' -raP . ./docs/ && echo '*** Remember to COMMIT CHANGES ***''`
22 error Exit status 2
23 error Failed at the altitudewebservices@1.0.0 publish script 'rsync --exclude '.git' --exclude '.vscode' --exclude 'php' --exclude 'shop' --exclude 'docs' -raP . ./docs/ && echo '*** Remember to COMMIT CHANGES ***'''.
23 error Make sure you have the latest version of node.js and npm installed.
23 error If you do, this is most likely a problem with the altitudewebservices package,
23 error not with npm itself.
23 error Tell the author that this fails on your system:
23 error     rsync --exclude '.git' --exclude '.vscode' --exclude 'php' --exclude 'shop' --exclude 'docs' -raP . ./docs/ && echo '*** Remember to COMMIT CHANGES ***''
23 error You can get information on how to open an issue for this project with:
23 error     npm bugs altitudewebservices
23 error Or if that isn't available, you can get their info via:
23 error     npm owner ls altitudewebservices
23 error There is likely additional logging output above.
24 verbose exit [ 1, true ]
